2018-09-10 19:34:54 | [INFO]    | Discordia 2.4.1
2018-09-10 19:34:54 | [INFO]    | Connecting to Discord...
2018-09-10 19:34:55 | [INFO]    | Authenticated as Panda Bot#3448
2018-09-10 19:34:55 | [INFO]    | Launching shard 0 (1 out of 1)...
2018-09-10 19:34:55 | [INFO]    | Shard 0 : Connected to wss://gateway.discord.gg
2018-09-10 19:34:55 | [INFO]    | Shard 0 : Received HELLO (gateway-prd-main-rr4m)
2018-09-10 19:34:55 | [INFO]    | Shard 0 : Received READY (gateway-prd-main-rr4m, discord-sessions-prd-1-23)
2018-09-10 19:35:05 | [ERROR]   | 403 - FORBIDDEN : DELETE https://discordapp.com/api/v7/guilds/420592633753239556/members/386284993481015320?reason=Kick%20nadany%20przez%20PandaBot
2018-09-10 20:53:29 | [WARNING] | Uncached Member (273103019992678400) on VOICE_STATE_UPDATE
2018-09-10 21:59:08 | [WARNING] | Uncached Member (349231665744314368) on VOICE_STATE_UPDATE
2018-09-10 22:20:25 | [WARNING] | Uncached Member (229199409336811521) on VOICE_STATE_UPDATE
2018-09-10 22:30:02 | [WARNING] | Uncached Member (229199409336811521) on VOICE_STATE_UPDATE
2018-09-10 22:35:17 | [WARNING] | Uncached Member (336969852449325056) on VOICE_STATE_UPDATE
2018-09-10 23:52:14 | [WARNING] | Uncached Member (336626160282894336) on VOICE_STATE_UPDATE
2018-09-11 00:29:41 | [INFO]    | Shard 0 : Disconnected
2018-09-11 00:29:41 | [INFO]    | Shard 0 : Reconnecting after 905 ms...
2018-09-11 00:29:43 | [INFO]    | Shard 0 : Connected to wss://gateway.discord.gg
2018-09-11 00:29:43 | [INFO]    | Shard 0 : Received HELLO (gateway-prd-main-9hcd)
2018-09-11 00:29:43 | [INFO]    | Shard 0 : Received RESUMED (gateway-prd-main-9hcd, discord-sessions-prd-1-23)
2018-09-11 01:03:13 | [INFO]    | Shard 0 : Disconnected
2018-09-11 01:03:13 | [INFO]    | Shard 0 : Reconnecting after 949 ms...
2018-09-11 01:03:15 | [INFO]    | Shard 0 : Connected to wss://gateway.discord.gg
2018-09-11 01:03:15 | [INFO]    | Shard 0 : Received HELLO (gateway-prd-main-r2bc)
2018-09-11 01:03:15 | [INFO]    | Shard 0 : Received RESUMED (gateway-prd-main-r2bc, discord-sessions-prd-1-23)
2018-09-11 01:12:00 | [INFO]    | Shard 0 : Disconnected
2018-09-11 01:12:00 | [INFO]    | Shard 0 : Reconnecting after 1017 ms...
2018-09-11 01:12:02 | [INFO]    | Shard 0 : Connected to wss://gateway.discord.gg
2018-09-11 01:12:02 | [INFO]    | Shard 0 : Received HELLO (gateway-prd-main-zbjb)
2018-09-11 01:12:02 | [INFO]    | Shard 0 : Received RESUMED (gateway-prd-main-zbjb, discord-sessions-prd-1-23)
2018-09-11 01:27:50 | [WARNING] | Shard 0 : 1001 - Connection closed
2018-09-11 01:27:50 | [INFO]    | Shard 0 : Disconnected
2018-09-11 01:27:50 | [INFO]    | Shard 0 : Reconnecting after 1096 ms...
2018-09-11 01:27:52 | [INFO]    | Shard 0 : Connected to wss://gateway.discord.gg
2018-09-11 01:27:52 | [INFO]    | Shard 0 : Received HELLO (gateway-prd-main-ssj6)
2018-09-11 01:27:52 | [INFO]    | Shard 0 : Received RESUMED (gateway-prd-main-ssj6, discord-sessions-prd-1-23)
2018-09-11 07:22:53 | [INFO]    | Shard 0 : Disconnected
2018-09-11 07:22:53 | [INFO]    | Shard 0 : Reconnecting after 938 ms...
2018-09-11 07:22:54 | [INFO]    | Shard 0 : Connected to wss://gateway.discord.gg
2018-09-11 07:22:54 | [INFO]    | Shard 0 : Received HELLO (gateway-prd-main-bcz8)
2018-09-11 07:22:54 | [INFO]    | Shard 0 : Received RESUMED (gateway-prd-main-bcz8, discord-sessions-prd-1-23)
2018-09-11 07:43:53 | [INFO]    | Shard 0 : Disconnected
2018-09-11 07:43:53 | [INFO]    | Shard 0 : Reconnecting after 967 ms...
2018-09-11 07:43:54 | [INFO]    | Shard 0 : Connected to wss://gateway.discord.gg
2018-09-11 07:43:54 | [INFO]    | Shard 0 : Received HELLO (gateway-prd-main-7dp6)
2018-09-11 07:43:54 | [INFO]    | Shard 0 : Received RESUMED (gateway-prd-main-7dp6, discord-sessions-prd-1-23)
2018-09-11 08:17:50 | [INFO]    | Shard 0 : Disconnected
2018-09-11 08:17:50 | [INFO]    | Shard 0 : Reconnecting after 986 ms...
2018-09-11 08:17:51 | [INFO]    | Shard 0 : Connected to wss://gateway.discord.gg
2018-09-11 08:17:51 | [INFO]    | Shard 0 : Received HELLO (gateway-prd-main-8nw1)
2018-09-11 08:17:51 | [INFO]    | Shard 0 : Received RESUMED (gateway-prd-main-8nw1, discord-sessions-prd-1-23)
2018-09-11 13:48:33 | [WARNING] | Shard 0 : 1001 - Connection closed
2018-09-11 13:48:33 | [INFO]    | Shard 0 : Disconnected
2018-09-11 13:48:33 | [INFO]    | Shard 0 : Reconnecting after 940 ms...
2018-09-11 13:48:34 | [INFO]    | Shard 0 : Connected to wss://gateway.discord.gg
2018-09-11 13:48:34 | [INFO]    | Shard 0 : Received HELLO (gateway-prd-main-bhvf)
2018-09-11 13:48:34 | [INFO]    | Shard 0 : Received RESUMED (gateway-prd-main-bhvf, discord-sessions-prd-1-23)
2018-09-11 14:05:45 | [WARNING] | Shard 0 : 1001 - Connection closed
2018-09-11 14:05:45 | [INFO]    | Shard 0 : Disconnected
2018-09-11 14:05:45 | [INFO]    | Shard 0 : Reconnecting after 1094 ms...
2018-09-11 14:05:47 | [INFO]    | Shard 0 : Connected to wss://gateway.discord.gg
2018-09-11 14:05:47 | [INFO]    | Shard 0 : Received HELLO (gateway-prd-main-88fk)
2018-09-11 14:05:47 | [INFO]    | Shard 0 : Received RESUMED (gateway-prd-main-88fk, discord-sessions-prd-1-23)
2018-09-11 14:21:36 | [WARNING] | Shard 0 : 1001 - Connection closed
2018-09-11 14:21:36 | [INFO]    | Shard 0 : Disconnected
2018-09-11 14:21:36 | [INFO]    | Shard 0 : Reconnecting after 987 ms...
2018-09-11 14:21:37 | [INFO]    | Shard 0 : Connected to wss://gateway.discord.gg
2018-09-11 14:21:37 | [INFO]    | Shard 0 : Received HELLO (gateway-prd-main-kb9j)
2018-09-11 14:21:37 | [INFO]    | Shard 0 : Received RESUMED (gateway-prd-main-kb9j, discord-sessions-prd-1-23)
2018-09-11 20:17:23 | [INFO]    | Discordia 2.4.1
2018-09-11 20:17:23 | [INFO]    | Connecting to Discord...
2018-09-11 20:17:24 | [INFO]    | Authenticated as Panda Bot#3448
2018-09-11 20:17:24 | [INFO]    | Launching shard 0 (1 out of 1)...
2018-09-11 20:17:25 | [INFO]    | Shard 0 : Connected to wss://gateway.discord.gg
2018-09-11 20:17:25 | [INFO]    | Shard 0 : Received HELLO (gateway-prd-main-pq0r)
2018-09-11 20:17:25 | [INFO]    | Shard 0 : Received READY (gateway-prd-main-pq0r, discord-sessions-prd-1-15)
2018-09-11 20:39:49 | [WARNING] | Uncached Member (461860243035521044) on VOICE_STATE_UPDATE
2018-09-11 20:39:50 | [WARNING] | Uncached Member (461860243035521044) on VOICE_STATE_UPDATE
2018-09-11 21:53:57 | [WARNING] | Uncached Member (461860243035521044) on VOICE_STATE_UPDATE
2018-09-12 00:40:44 | [INFO]    | Shard 0 : Disconnected
2018-09-12 00:40:44 | [INFO]    | Shard 0 : Reconnecting after 1098 ms...
2018-09-12 00:40:45 | [INFO]    | Shard 0 : Connected to wss://gateway.discord.gg
2018-09-12 00:40:45 | [INFO]    | Shard 0 : Received HELLO (gateway-prd-main-bhvf)
2018-09-12 00:40:45 | [INFO]    | Shard 0 : Received RESUMED (gateway-prd-main-bhvf, discord-sessions-prd-1-15)
2018-09-12 03:57:37 | [WARNING] | Shard 0 : 1000 - Connection closed
2018-09-12 03:57:37 | [INFO]    | Shard 0 : Disconnected
2018-09-12 03:57:37 | [INFO]    | Shard 0 : Reconnecting after 996 ms...
2018-09-12 03:57:38 | [INFO]    | Shard 0 : Connected to wss://gateway.discord.gg
2018-09-12 03:57:38 | [INFO]    | Shard 0 : Received HELLO (gateway-prd-main-g9mp)
2018-09-12 03:57:38 | [INFO]    | Shard 0 : Received RESUMED (gateway-prd-main-g9mp, discord-sessions-prd-1-15)
2018-09-12 06:39:10 | [INFO]    | Shard 0 : Disconnected
2018-09-12 06:39:10 | [INFO]    | Shard 0 : Reconnecting after 1034 ms...
2018-09-12 06:39:11 | [INFO]    | Shard 0 : Connected to wss://gateway.discord.gg
2018-09-12 06:39:11 | [INFO]    | Shard 0 : Received HELLO (gateway-prd-main-04vj)
2018-09-12 06:39:11 | [INFO]    | Shard 0 : Received RESUMED (gateway-prd-main-04vj, discord-sessions-prd-1-15)
2018-09-12 14:19:58 | [INFO]    | Shard 0 : Disconnected
2018-09-12 14:20:08 | [INFO]    | Shard 0 : Reconnecting after 1000 ms...
2018-09-12 14:20:09 | [INFO]    | Shard 0 : Connected to wss://gateway.discord.gg
2018-09-12 14:20:09 | [INFO]    | Shard 0 : Received HELLO (gateway-prd-main-0vfv)
2018-09-12 14:20:09 | [INFO]    | Shard 0 : Session invalidated, re-identifying...
2018-09-12 14:20:11 | [INFO]    | Shard 0 : Received READY (gateway-prd-main-0vfv, discord-sessions-prd-1-29)
2018-09-12 17:06:48 | [INFO]    | Discordia 2.4.1
2018-09-12 17:06:48 | [INFO]    | Connecting to Discord...
2018-09-12 17:06:48 | [INFO]    | Authenticated as Panda Bot#3448
2018-09-12 17:06:49 | [INFO]    | Launching shard 0 (1 out of 1)...
2018-09-12 17:06:49 | [INFO]    | Shard 0 : Connected to wss://gateway.discord.gg
2018-09-12 17:06:49 | [INFO]    | Shard 0 : Received HELLO (gateway-prd-main-04vj)
2018-09-12 17:06:49 | [INFO]    | Shard 0 : Received READY (gateway-prd-main-04vj, discord-sessions-prd-1-5)
